<?xml version="1.0" encoding="UTF-8"?>
<!-- Generated by org.testng.reporters.JUnitReportReporter -->
<testsuite skipped="0" hostname="ESPLL067" name="testcases.Testcaselogin" tests="2" failures="0" timestamp="10 Sep 2019 07:28:50 GMT" time="25.583" errors="0">
  <testcase name="verifyleaveconfigureholidays" time="14.017" classname="testcases.Testcaselogin"/>
  <testcase name="verifyrecruitmentpage" time="11.566" classname="testcases.Testcaselogin"/>
</testsuite> <!-- testcases.Testcaselogin -->
